[10-Mar-2017 14:04:04 UTC] PHP Warning:  mysql_num_rows() expects parameter 1 to be resource, null given in /home/ubuntu/workspace/duelos/duelos.php on line 14
[10-Mar-2017 14:04:04 UTC] PHP Stack trace:
[10-Mar-2017 14:04:04 UTC] PHP   1. {main}() /home/ubuntu/workspace/duelos/duelos.php:0
[10-Mar-2017 14:04:04 UTC] PHP   2. mysql_num_rows() /home/ubuntu/workspace/duelos/duelos.php:14
[10-Mar-2017 14:04:04 UTC] PHP Warning:  mysql_fetch_object(): supplied argument is not a valid MySQL result resource in /home/ubuntu/workspace/duelos/duelos.php on line 16
[10-Mar-2017 14:04:04 UTC] PHP Stack trace:
[10-Mar-2017 14:04:04 UTC] PHP   1. {main}() /home/ubuntu/workspace/duelos/duelos.php:0
[10-Mar-2017 14:04:04 UTC] PHP   2. mysql_fetch_object() /home/ubuntu/workspace/duelos/duelos.php:16
[27-Apr-2017 17:59:24 UTC] PHP Warning:  mysql_fetch_object(): supplied argument is not a valid MySQL result resource in /home/ubuntu/workspace/votos/atualizar_votos.php on line 14
[27-Apr-2017 17:59:24 UTC] PHP Stack trace:
[27-Apr-2017 17:59:24 UTC] PHP   1. {main}() /home/ubuntu/workspace/votos/atualizar_votos.php:0
[27-Apr-2017 17:59:24 UTC] PHP   2. mysql_fetch_object() /home/ubuntu/workspace/votos/atualizar_votos.php:14
[27-Apr-2017 18:18:39 UTC] PHP Parse error:  syntax error, unexpected 'update' (T_STRING) in /home/ubuntu/workspace/votos/atualizar_votos.php on line 21
[27-Apr-2017 20:09:48 UTC] PHP Warning:  mysql_num_rows() expects parameter 1 to be resource, boolean given in /home/ubuntu/workspace/votos/atualizar_votos.php on line 17
[27-Apr-2017 20:09:48 UTC] PHP Stack trace:
[27-Apr-2017 20:09:48 UTC] PHP   1. {main}() /home/ubuntu/workspace/votos/atualizar_votos.php:0
[27-Apr-2017 20:09:48 UTC] PHP   2. mysql_num_rows() /home/ubuntu/workspace/votos/atualizar_votos.php:17
[27-Apr-2017 20:09:48 UTC] PHP Warning:  mysql_fetch_object(): supplied argument is not a valid MySQL result resource in /home/ubuntu/workspace/votos/atualizar_votos.php on line 29
[27-Apr-2017 20:09:48 UTC] PHP Stack trace:
[27-Apr-2017 20:09:48 UTC] PHP   1. {main}() /home/ubuntu/workspace/votos/atualizar_votos.php:0
[27-Apr-2017 20:09:48 UTC] PHP   2. mysql_fetch_object() /home/ubuntu/workspace/votos/atualizar_votos.php:29
[27-Apr-2017 20:10:55 UTC] PHP Warning:  mysql_num_rows() expects parameter 1 to be resource, boolean given in /home/ubuntu/workspace/votos/atualizar_votos.php on line 17
[27-Apr-2017 20:10:55 UTC] PHP Stack trace:
[27-Apr-2017 20:10:55 UTC] PHP   1. {main}() /home/ubuntu/workspace/votos/atualizar_votos.php:0
[27-Apr-2017 20:10:55 UTC] PHP   2. mysql_num_rows() /home/ubuntu/workspace/votos/atualizar_votos.php:17
[27-Apr-2017 20:10:55 UTC] PHP Warning:  mysql_fetch_object(): supplied argument is not a valid MySQL result resource in /home/ubuntu/workspace/votos/atualizar_votos.php on line 31
[27-Apr-2017 20:10:55 UTC] PHP Stack trace:
[27-Apr-2017 20:10:55 UTC] PHP   1. {main}() /home/ubuntu/workspace/votos/atualizar_votos.php:0
[27-Apr-2017 20:10:55 UTC] PHP   2. mysql_fetch_object() /home/ubuntu/workspace/votos/atualizar_votos.php:31
[27-Apr-2017 20:11:28 UTC] PHP Warning:  mysql_num_rows() expects parameter 1 to be resource, boolean given in /home/ubuntu/workspace/votos/atualizar_votos.php on line 17
[27-Apr-2017 20:11:28 UTC] PHP Stack trace:
[27-Apr-2017 20:11:28 UTC] PHP   1. {main}() /home/ubuntu/workspace/votos/atualizar_votos.php:0
[27-Apr-2017 20:11:28 UTC] PHP   2. mysql_num_rows() /home/ubuntu/workspace/votos/atualizar_votos.php:17
[27-Apr-2017 20:11:28 UTC] PHP Warning:  mysql_fetch_object(): supplied argument is not a valid MySQL result resource in /home/ubuntu/workspace/votos/atualizar_votos.php on line 31
[27-Apr-2017 20:11:28 UTC] PHP Stack trace:
[27-Apr-2017 20:11:28 UTC] PHP   1. {main}() /home/ubuntu/workspace/votos/atualizar_votos.php:0
[27-Apr-2017 20:11:28 UTC] PHP   2. mysql_fetch_object() /home/ubuntu/workspace/votos/atualizar_votos.php:31
[27-Apr-2017 20:11:49 UTC] PHP Warning:  mysql_num_rows() expects parameter 1 to be resource, boolean given in /home/ubuntu/workspace/votos/atualizar_votos.php on line 17
[27-Apr-2017 20:11:49 UTC] PHP Stack trace:
[27-Apr-2017 20:11:49 UTC] PHP   1. {main}() /home/ubuntu/workspace/votos/atualizar_votos.php:0
[27-Apr-2017 20:11:49 UTC] PHP   2. mysql_num_rows() /home/ubuntu/workspace/votos/atualizar_votos.php:17
[27-Apr-2017 20:11:49 UTC] PHP Warning:  mysql_fetch_object(): supplied argument is not a valid MySQL result resource in /home/ubuntu/workspace/votos/atualizar_votos.php on line 32
[27-Apr-2017 20:11:49 UTC] PHP Stack trace:
[27-Apr-2017 20:11:49 UTC] PHP   1. {main}() /home/ubuntu/workspace/votos/atualizar_votos.php:0
[27-Apr-2017 20:11:49 UTC] PHP   2. mysql_fetch_object() /home/ubuntu/workspace/votos/atualizar_votos.php:32
[27-Apr-2017 20:12:11 UTC] PHP Warning:  mysql_num_rows() expects parameter 1 to be resource, boolean given in /home/ubuntu/workspace/votos/atualizar_votos.php on line 17
[27-Apr-2017 20:12:11 UTC] PHP Stack trace:
[27-Apr-2017 20:12:11 UTC] PHP   1. {main}() /home/ubuntu/workspace/votos/atualizar_votos.php:0
[27-Apr-2017 20:12:11 UTC] PHP   2. mysql_num_rows() /home/ubuntu/workspace/votos/atualizar_votos.php:17
[27-Apr-2017 20:12:11 UTC] PHP Warning:  mysql_fetch_object(): supplied argument is not a valid MySQL result resource in /home/ubuntu/workspace/votos/atualizar_votos.php on line 32
[27-Apr-2017 20:12:11 UTC] PHP Stack trace:
[27-Apr-2017 20:12:11 UTC] PHP   1. {main}() /home/ubuntu/workspace/votos/atualizar_votos.php:0
[27-Apr-2017 20:12:11 UTC] PHP   2. mysql_fetch_object() /home/ubuntu/workspace/votos/atualizar_votos.php:32
[27-Apr-2017 20:13:43 UTC] PHP Warning:  mysql_num_rows() expects parameter 1 to be resource, boolean given in /home/ubuntu/workspace/votos/atualizar_votos.php on line 17
[27-Apr-2017 20:13:43 UTC] PHP Stack trace:
[27-Apr-2017 20:13:43 UTC] PHP   1. {main}() /home/ubuntu/workspace/votos/atualizar_votos.php:0
[27-Apr-2017 20:13:43 UTC] PHP   2. mysql_num_rows() /home/ubuntu/workspace/votos/atualizar_votos.php:17
[27-Apr-2017 20:13:43 UTC] PHP Warning:  mysql_fetch_object(): supplied argument is not a valid MySQL result resource in /home/ubuntu/workspace/votos/atualizar_votos.php on line 32
[27-Apr-2017 20:13:43 UTC] PHP Stack trace:
[27-Apr-2017 20:13:43 UTC] PHP   1. {main}() /home/ubuntu/workspace/votos/atualizar_votos.php:0
[27-Apr-2017 20:13:43 UTC] PHP   2. mysql_fetch_object() /home/ubuntu/workspace/votos/atualizar_votos.php:32
[27-Apr-2017 20:13:46 UTC] PHP Warning:  mysql_num_rows() expects parameter 1 to be resource, boolean given in /home/ubuntu/workspace/votos/atualizar_votos.php on line 17
[27-Apr-2017 20:13:46 UTC] PHP Stack trace:
[27-Apr-2017 20:13:46 UTC] PHP   1. {main}() /home/ubuntu/workspace/votos/atualizar_votos.php:0
[27-Apr-2017 20:13:46 UTC] PHP   2. mysql_num_rows() /home/ubuntu/workspace/votos/atualizar_votos.php:17
[27-Apr-2017 20:13:46 UTC] PHP Warning:  mysql_fetch_object(): supplied argument is not a valid MySQL result resource in /home/ubuntu/workspace/votos/atualizar_votos.php on line 32
[27-Apr-2017 20:13:46 UTC] PHP Stack trace:
[27-Apr-2017 20:13:46 UTC] PHP   1. {main}() /home/ubuntu/workspace/votos/atualizar_votos.php:0
[27-Apr-2017 20:13:46 UTC] PHP   2. mysql_fetch_object() /home/ubuntu/workspace/votos/atualizar_votos.php:32
[27-Apr-2017 20:13:51 UTC] PHP Warning:  mysql_num_rows() expects parameter 1 to be resource, boolean given in /home/ubuntu/workspace/votos/atualizar_votos.php on line 17
[27-Apr-2017 20:13:51 UTC] PHP Stack trace:
[27-Apr-2017 20:13:51 UTC] PHP   1. {main}() /home/ubuntu/workspace/votos/atualizar_votos.php:0
[27-Apr-2017 20:13:51 UTC] PHP   2. mysql_num_rows() /home/ubuntu/workspace/votos/atualizar_votos.php:17
[27-Apr-2017 20:13:51 UTC] PHP Warning:  mysql_fetch_object(): supplied argument is not a valid MySQL result resource in /home/ubuntu/workspace/votos/atualizar_votos.php on line 33
[27-Apr-2017 20:13:51 UTC] PHP Stack trace:
[27-Apr-2017 20:13:51 UTC] PHP   1. {main}() /home/ubuntu/workspace/votos/atualizar_votos.php:0
[27-Apr-2017 20:13:51 UTC] PHP   2. mysql_fetch_object() /home/ubuntu/workspace/votos/atualizar_votos.php:33
[27-Apr-2017 20:13:54 UTC] PHP Warning:  mysql_num_rows() expects parameter 1 to be resource, boolean given in /home/ubuntu/workspace/votos/atualizar_votos.php on line 17
[27-Apr-2017 20:13:54 UTC] PHP Stack trace:
[27-Apr-2017 20:13:54 UTC] PHP   1. {main}() /home/ubuntu/workspace/votos/atualizar_votos.php:0
[27-Apr-2017 20:13:54 UTC] PHP   2. mysql_num_rows() /home/ubuntu/workspace/votos/atualizar_votos.php:17
[27-Apr-2017 20:13:54 UTC] PHP Warning:  mysql_fetch_object(): supplied argument is not a valid MySQL result resource in /home/ubuntu/workspace/votos/atualizar_votos.php on line 33
[27-Apr-2017 20:13:54 UTC] PHP Stack trace:
[27-Apr-2017 20:13:54 UTC] PHP   1. {main}() /home/ubuntu/workspace/votos/atualizar_votos.php:0
[27-Apr-2017 20:13:54 UTC] PHP   2. mysql_fetch_object() /home/ubuntu/workspace/votos/atualizar_votos.php:33
[27-Apr-2017 20:13:57 UTC] PHP Warning:  mysql_num_rows() expects parameter 1 to be resource, boolean given in /home/ubuntu/workspace/votos/atualizar_votos.php on line 17
[27-Apr-2017 20:13:57 UTC] PHP Stack trace:
[27-Apr-2017 20:13:57 UTC] PHP   1. {main}() /home/ubuntu/workspace/votos/atualizar_votos.php:0
[27-Apr-2017 20:13:57 UTC] PHP   2. mysql_num_rows() /home/ubuntu/workspace/votos/atualizar_votos.php:17
[27-Apr-2017 20:13:57 UTC] PHP Warning:  mysql_fetch_object(): supplied argument is not a valid MySQL result resource in /home/ubuntu/workspace/votos/atualizar_votos.php on line 33
[27-Apr-2017 20:13:57 UTC] PHP Stack trace:
[27-Apr-2017 20:13:57 UTC] PHP   1. {main}() /home/ubuntu/workspace/votos/atualizar_votos.php:0
[27-Apr-2017 20:13:57 UTC] PHP   2. mysql_fetch_object() /home/ubuntu/workspace/votos/atualizar_votos.php:33
[27-Apr-2017 20:16:45 UTC] PHP Warning:  mysql_num_rows() expects parameter 1 to be resource, boolean given in /home/ubuntu/workspace/votos/atualizar_votos.php on line 17
[27-Apr-2017 20:16:45 UTC] PHP Stack trace:
[27-Apr-2017 20:16:45 UTC] PHP   1. {main}() /home/ubuntu/workspace/votos/atualizar_votos.php:0
[27-Apr-2017 20:16:45 UTC] PHP   2. mysql_num_rows() /home/ubuntu/workspace/votos/atualizar_votos.php:17
[27-Apr-2017 20:16:45 UTC] PHP Warning:  mysql_fetch_object(): supplied argument is not a valid MySQL result resource in /home/ubuntu/workspace/votos/atualizar_votos.php on line 33
[27-Apr-2017 20:16:45 UTC] PHP Stack trace:
[27-Apr-2017 20:16:45 UTC] PHP   1. {main}() /home/ubuntu/workspace/votos/atualizar_votos.php:0
[27-Apr-2017 20:16:45 UTC] PHP   2. mysql_fetch_object() /home/ubuntu/workspace/votos/atualizar_votos.php:33
[27-Apr-2017 20:16:59 UTC] PHP Warning:  mysql_fetch_object(): supplied argument is not a valid MySQL result resource in /home/ubuntu/workspace/votos/atualizar_votos.php on line 33
[27-Apr-2017 20:16:59 UTC] PHP Stack trace:
[27-Apr-2017 20:16:59 UTC] PHP   1. {main}() /home/ubuntu/workspace/votos/atualizar_votos.php:0
[27-Apr-2017 20:16:59 UTC] PHP   2. mysql_fetch_object() /home/ubuntu/workspace/votos/atualizar_votos.php:33
[27-Apr-2017 20:18:03 UTC] PHP Warning:  mysql_fetch_object(): supplied argument is not a valid MySQL result resource in /home/ubuntu/workspace/votos/atualizar_votos.php on line 17
[27-Apr-2017 20:18:03 UTC] PHP Stack trace:
[27-Apr-2017 20:18:03 UTC] PHP   1. {main}() /home/ubuntu/workspace/votos/atualizar_votos.php:0
[27-Apr-2017 20:18:03 UTC] PHP   2. mysql_fetch_object() /home/ubuntu/workspace/votos/atualizar_votos.php:17
[27-Apr-2017 20:18:03 UTC] PHP Warning:  mysql_fetch_object(): supplied argument is not a valid MySQL result resource in /home/ubuntu/workspace/votos/atualizar_votos.php on line 30
[27-Apr-2017 20:18:03 UTC] PHP Stack trace:
[27-Apr-2017 20:18:03 UTC] PHP   1. {main}() /home/ubuntu/workspace/votos/atualizar_votos.php:0
[27-Apr-2017 20:18:03 UTC] PHP   2. mysql_fetch_object() /home/ubuntu/workspace/votos/atualizar_votos.php:30
[27-Apr-2017 20:19:13 UTC] PHP Warning:  mysql_fetch_object(): supplied argument is not a valid MySQL result resource in /home/ubuntu/workspace/votos/atualizar_votos.php on line 18
[27-Apr-2017 20:19:13 UTC] PHP Stack trace:
[27-Apr-2017 20:19:13 UTC] PHP   1. {main}() /home/ubuntu/workspace/votos/atualizar_votos.php:0
[27-Apr-2017 20:19:13 UTC] PHP   2. mysql_fetch_object() /home/ubuntu/workspace/votos/atualizar_votos.php:18
[27-Apr-2017 20:19:13 UTC] PHP Warning:  mysql_fetch_object(): supplied argument is not a valid MySQL result resource in /home/ubuntu/workspace/votos/atualizar_votos.php on line 31
[27-Apr-2017 20:19:13 UTC] PHP Stack trace:
[27-Apr-2017 20:19:13 UTC] PHP   1. {main}() /home/ubuntu/workspace/votos/atualizar_votos.php:0
[27-Apr-2017 20:19:13 UTC] PHP   2. mysql_fetch_object() /home/ubuntu/workspace/votos/atualizar_votos.php:31
[28-Apr-2017 17:18:35 UTC] PHP Warning:  mysql_fetch_object(): supplied argument is not a valid MySQL result resource in /home/ubuntu/workspace/votos/atualizar_votos.php on line 18
[28-Apr-2017 17:18:35 UTC] PHP Stack trace:
[28-Apr-2017 17:18:35 UTC] PHP   1. {main}() /home/ubuntu/workspace/votos/atualizar_votos.php:0
[28-Apr-2017 17:18:35 UTC] PHP   2. mysql_fetch_object() /home/ubuntu/workspace/votos/atualizar_votos.php:18
[28-Apr-2017 17:18:35 UTC] PHP Warning:  mysql_fetch_object(): supplied argument is not a valid MySQL result resource in /home/ubuntu/workspace/votos/atualizar_votos.php on line 31
[28-Apr-2017 17:18:35 UTC] PHP Stack trace:
[28-Apr-2017 17:18:35 UTC] PHP   1. {main}() /home/ubuntu/workspace/votos/atualizar_votos.php:0
[28-Apr-2017 17:18:35 UTC] PHP   2. mysql_fetch_object() /home/ubuntu/workspace/votos/atualizar_votos.php:31
[28-Apr-2017 17:18:40 UTC] PHP Warning:  mysql_fetch_object(): supplied argument is not a valid MySQL result resource in /home/ubuntu/workspace/votos/atualizar_votos.php on line 18
[28-Apr-2017 17:18:40 UTC] PHP Stack trace:
[28-Apr-2017 17:18:40 UTC] PHP   1. {main}() /home/ubuntu/workspace/votos/atualizar_votos.php:0
[28-Apr-2017 17:18:40 UTC] PHP   2. mysql_fetch_object() /home/ubuntu/workspace/votos/atualizar_votos.php:18
[28-Apr-2017 17:18:40 UTC] PHP Warning:  mysql_fetch_object(): supplied argument is not a valid MySQL result resource in /home/ubuntu/workspace/votos/atualizar_votos.php on line 31
[28-Apr-2017 17:18:40 UTC] PHP Stack trace:
[28-Apr-2017 17:18:40 UTC] PHP   1. {main}() /home/ubuntu/workspace/votos/atualizar_votos.php:0
[28-Apr-2017 17:18:40 UTC] PHP   2. mysql_fetch_object() /home/ubuntu/workspace/votos/atualizar_votos.php:31
[28-Apr-2017 17:19:28 UTC] PHP Warning:  mysql_fetch_object(): supplied argument is not a valid MySQL result resource in /home/ubuntu/workspace/votos/atualizar_votos.php on line 18
[28-Apr-2017 17:19:28 UTC] PHP Stack trace:
[28-Apr-2017 17:19:28 UTC] PHP   1. {main}() /home/ubuntu/workspace/votos/atualizar_votos.php:0
[28-Apr-2017 17:19:28 UTC] PHP   2. mysql_fetch_object() /home/ubuntu/workspace/votos/atualizar_votos.php:18
[28-Apr-2017 17:19:28 UTC] PHP Warning:  mysql_fetch_object(): supplied argument is not a valid MySQL result resource in /home/ubuntu/workspace/votos/atualizar_votos.php on line 31
[28-Apr-2017 17:19:28 UTC] PHP Stack trace:
[28-Apr-2017 17:19:28 UTC] PHP   1. {main}() /home/ubuntu/workspace/votos/atualizar_votos.php:0
[28-Apr-2017 17:19:28 UTC] PHP   2. mysql_fetch_object() /home/ubuntu/workspace/votos/atualizar_votos.php:31
[28-Apr-2017 17:23:55 UTC] PHP Warning:  mysql_fetch_object(): supplied argument is not a valid MySQL result resource in /home/ubuntu/workspace/votos/atualizar_votos.php on line 30
[28-Apr-2017 17:23:55 UTC] PHP Stack trace:
[28-Apr-2017 17:23:55 UTC] PHP   1. {main}() /home/ubuntu/workspace/votos/atualizar_votos.php:0
[28-Apr-2017 17:23:55 UTC] PHP   2. mysql_fetch_object() /home/ubuntu/workspace/votos/atualizar_votos.php:30
[28-Apr-2017 17:23:55 UTC] PHP Warning:  mysql_fetch_object(): supplied argument is not a valid MySQL result resource in /home/ubuntu/workspace/votos/atualizar_votos.php on line 43
[28-Apr-2017 17:23:55 UTC] PHP Stack trace:
[28-Apr-2017 17:23:55 UTC] PHP   1. {main}() /home/ubuntu/workspace/votos/atualizar_votos.php:0
[28-Apr-2017 17:23:55 UTC] PHP   2. mysql_fetch_object() /home/ubuntu/workspace/votos/atualizar_votos.php:43
[28-Apr-2017 17:24:07 UTC] PHP Warning:  mysql_fetch_object(): supplied argument is not a valid MySQL result resource in /home/ubuntu/workspace/votos/atualizar_votos.php on line 30
[28-Apr-2017 17:24:07 UTC] PHP Stack trace:
[28-Apr-2017 17:24:07 UTC] PHP   1. {main}() /home/ubuntu/workspace/votos/atualizar_votos.php:0
[28-Apr-2017 17:24:07 UTC] PHP   2. mysql_fetch_object() /home/ubuntu/workspace/votos/atualizar_votos.php:30
[28-Apr-2017 17:24:07 UTC] PHP Warning:  mysql_fetch_object(): supplied argument is not a valid MySQL result resource in /home/ubuntu/workspace/votos/atualizar_votos.php on line 43
[28-Apr-2017 17:24:07 UTC] PHP Stack trace:
[28-Apr-2017 17:24:07 UTC] PHP   1. {main}() /home/ubuntu/workspace/votos/atualizar_votos.php:0
[28-Apr-2017 17:24:07 UTC] PHP   2. mysql_fetch_object() /home/ubuntu/workspace/votos/atualizar_votos.php:43
[28-Apr-2017 17:24:41 UTC] PHP Warning:  mysql_fetch_object(): supplied argument is not a valid MySQL result resource in /home/ubuntu/workspace/votos/atualizar_votos.php on line 30
[28-Apr-2017 17:24:41 UTC] PHP Stack trace:
[28-Apr-2017 17:24:41 UTC] PHP   1. {main}() /home/ubuntu/workspace/votos/atualizar_votos.php:0
[28-Apr-2017 17:24:41 UTC] PHP   2. mysql_fetch_object() /home/ubuntu/workspace/votos/atualizar_votos.php:30
[28-Apr-2017 17:24:41 UTC] PHP Warning:  mysql_fetch_object(): supplied argument is not a valid MySQL result resource in /home/ubuntu/workspace/votos/atualizar_votos.php on line 43
[28-Apr-2017 17:24:41 UTC] PHP Stack trace:
[28-Apr-2017 17:24:41 UTC] PHP   1. {main}() /home/ubuntu/workspace/votos/atualizar_votos.php:0
[28-Apr-2017 17:24:41 UTC] PHP   2. mysql_fetch_object() /home/ubuntu/workspace/votos/atualizar_votos.php:43
[28-Apr-2017 17:27:21 UTC] PHP Warning:  mysql_fetch_object(): supplied argument is not a valid MySQL result resource in /home/ubuntu/workspace/votos/atualizar_votos.php on line 30
[28-Apr-2017 17:27:21 UTC] PHP Stack trace:
[28-Apr-2017 17:27:21 UTC] PHP   1. {main}() /home/ubuntu/workspace/votos/atualizar_votos.php:0
[28-Apr-2017 17:27:21 UTC] PHP   2. mysql_fetch_object() /home/ubuntu/workspace/votos/atualizar_votos.php:30
[28-Apr-2017 17:27:21 UTC] PHP Warning:  mysql_fetch_object(): supplied argument is not a valid MySQL result resource in /home/ubuntu/workspace/votos/atualizar_votos.php on line 43
[28-Apr-2017 17:27:21 UTC] PHP Stack trace:
[28-Apr-2017 17:27:21 UTC] PHP   1. {main}() /home/ubuntu/workspace/votos/atualizar_votos.php:0
[28-Apr-2017 17:27:21 UTC] PHP   2. mysql_fetch_object() /home/ubuntu/workspace/votos/atualizar_votos.php:43
[28-Apr-2017 17:28:36 UTC] PHP Warning:  mysql_fetch_object(): supplied argument is not a valid MySQL result resource in /home/ubuntu/workspace/votos/atualizar_votos.php on line 30
[28-Apr-2017 17:28:36 UTC] PHP Stack trace:
[28-Apr-2017 17:28:36 UTC] PHP   1. {main}() /home/ubuntu/workspace/votos/atualizar_votos.php:0
[28-Apr-2017 17:28:36 UTC] PHP   2. mysql_fetch_object() /home/ubuntu/workspace/votos/atualizar_votos.php:30
[28-Apr-2017 17:28:36 UTC] PHP Warning:  mysql_fetch_object(): supplied argument is not a valid MySQL result resource in /home/ubuntu/workspace/votos/atualizar_votos.php on line 43
[28-Apr-2017 17:28:36 UTC] PHP Stack trace:
[28-Apr-2017 17:28:36 UTC] PHP   1. {main}() /home/ubuntu/workspace/votos/atualizar_votos.php:0
[28-Apr-2017 17:28:36 UTC] PHP   2. mysql_fetch_object() /home/ubuntu/workspace/votos/atualizar_votos.php:43
[28-Apr-2017 17:29:11 UTC] PHP Warning:  mysql_fetch_object(): supplied argument is not a valid MySQL result resource in /home/ubuntu/workspace/votos/atualizar_votos.php on line 30
[28-Apr-2017 17:29:11 UTC] PHP Stack trace:
[28-Apr-2017 17:29:11 UTC] PHP   1. {main}() /home/ubuntu/workspace/votos/atualizar_votos.php:0
[28-Apr-2017 17:29:11 UTC] PHP   2. mysql_fetch_object() /home/ubuntu/workspace/votos/atualizar_votos.php:30
[28-Apr-2017 17:29:11 UTC] PHP Warning:  mysql_fetch_object(): supplied argument is not a valid MySQL result resource in /home/ubuntu/workspace/votos/atualizar_votos.php on line 42
[28-Apr-2017 17:29:11 UTC] PHP Stack trace:
[28-Apr-2017 17:29:11 UTC] PHP   1. {main}() /home/ubuntu/workspace/votos/atualizar_votos.php:0
[28-Apr-2017 17:29:11 UTC] PHP   2. mysql_fetch_object() /home/ubuntu/workspace/votos/atualizar_votos.php:42
[28-Apr-2017 17:30:48 UTC] PHP Warning:  mysql_fetch_object(): supplied argument is not a valid MySQL result resource in /home/ubuntu/workspace/votos/atualizar_votos.php on line 43
[28-Apr-2017 17:30:48 UTC] PHP Stack trace:
[28-Apr-2017 17:30:48 UTC] PHP   1. {main}() /home/ubuntu/workspace/votos/atualizar_votos.php:0
[28-Apr-2017 17:30:48 UTC] PHP   2. mysql_fetch_object() /home/ubuntu/workspace/votos/atualizar_votos.php:43
[28-Apr-2017 17:31:04 UTC] PHP Warning:  mysql_fetch_object(): supplied argument is not a valid MySQL result resource in /home/ubuntu/workspace/votos/atualizar_votos.php on line 43
[28-Apr-2017 17:31:04 UTC] PHP Stack trace:
[28-Apr-2017 17:31:04 UTC] PHP   1. {main}() /home/ubuntu/workspace/votos/atualizar_votos.php:0
[28-Apr-2017 17:31:04 UTC] PHP   2. mysql_fetch_object() /home/ubuntu/workspace/votos/atualizar_votos.php:43
[28-Apr-2017 17:31:17 UTC] PHP Warning:  mysql_fetch_object(): supplied argument is not a valid MySQL result resource in /home/ubuntu/workspace/votos/atualizar_votos.php on line 43
[28-Apr-2017 17:31:17 UTC] PHP Stack trace:
[28-Apr-2017 17:31:17 UTC] PHP   1. {main}() /home/ubuntu/workspace/votos/atualizar_votos.php:0
[28-Apr-2017 17:31:17 UTC] PHP   2. mysql_fetch_object() /home/ubuntu/workspace/votos/atualizar_votos.php:43
[28-Apr-2017 17:31:50 UTC] PHP Warning:  mysql_fetch_object(): supplied argument is not a valid MySQL result resource in /home/ubuntu/workspace/votos/atualizar_votos.php on line 43
[28-Apr-2017 17:31:50 UTC] PHP Stack trace:
[28-Apr-2017 17:31:50 UTC] PHP   1. {main}() /home/ubuntu/workspace/votos/atualizar_votos.php:0
[28-Apr-2017 17:31:50 UTC] PHP   2. mysql_fetch_object() /home/ubuntu/workspace/votos/atualizar_votos.php:43
[28-Apr-2017 17:32:10 UTC] PHP Warning:  mysql_fetch_object(): supplied argument is not a valid MySQL result resource in /home/ubuntu/workspace/votos/atualizar_votos.php on line 43
[28-Apr-2017 17:32:10 UTC] PHP Stack trace:
[28-Apr-2017 17:32:10 UTC] PHP   1. {main}() /home/ubuntu/workspace/votos/atualizar_votos.php:0
[28-Apr-2017 17:32:10 UTC] PHP   2. mysql_fetch_object() /home/ubuntu/workspace/votos/atualizar_votos.php:43
[28-Apr-2017 17:37:04 UTC] PHP Warning:  mysql_fetch_object(): supplied argument is not a valid MySQL result resource in /home/ubuntu/workspace/votos/atualizar_votos.php on line 43
[28-Apr-2017 17:37:04 UTC] PHP Stack trace:
[28-Apr-2017 17:37:04 UTC] PHP   1. {main}() /home/ubuntu/workspace/votos/atualizar_votos.php:0
[28-Apr-2017 17:37:04 UTC] PHP   2. mysql_fetch_object() /home/ubuntu/workspace/votos/atualizar_votos.php:43
[28-Apr-2017 17:38:09 UTC] PHP Warning:  mysql_fetch_object(): supplied argument is not a valid MySQL result resource in /home/ubuntu/workspace/votos/atualizar_votos.php on line 55
[28-Apr-2017 17:38:09 UTC] PHP Stack trace:
[28-Apr-2017 17:38:09 UTC] PHP   1. {main}() /home/ubuntu/workspace/votos/atualizar_votos.php:0
[28-Apr-2017 17:38:09 UTC] PHP   2. mysql_fetch_object() /home/ubuntu/workspace/votos/atualizar_votos.php:55
[28-Apr-2017 17:40:14 UTC] PHP Warning:  mysql_fetch_object(): supplied argument is not a valid MySQL result resource in /home/ubuntu/workspace/votos/atualizar_votos.php on line 45
[28-Apr-2017 17:40:14 UTC] PHP Stack trace:
[28-Apr-2017 17:40:14 UTC] PHP   1. {main}() /home/ubuntu/workspace/votos/atualizar_votos.php:0
[28-Apr-2017 17:40:14 UTC] PHP   2. mysql_fetch_object() /home/ubuntu/workspace/votos/atualizar_votos.php:45
[07-May-2017 23:53:52 UTC] PHP Fatal error:  Class 'Slim\Slim' not found in /home/ubuntu/workspace/api/index.php on line 3
[07-May-2017 23:53:52 UTC] PHP Stack trace:
[07-May-2017 23:53:52 UTC] PHP   1. {main}() /home/ubuntu/workspace/api/index.php:0
[07-May-2017 23:55:36 UTC] PHP Warning:  require(../Slim/Slim/Slim.php): failed to open stream: No such file or directory in /home/ubuntu/workspace/api/index.php on line 3
[07-May-2017 23:55:36 UTC] PHP Stack trace:
[07-May-2017 23:55:36 UTC] PHP   1. {main}() /home/ubuntu/workspace/api/index.php:0
[07-May-2017 23:55:36 UTC] PHP Fatal error:  require(): Failed opening required '../Slim/Slim/Slim.php' (include_path='.:/usr/share/php:/usr/share/pear') in /home/ubuntu/workspace/api/index.php on line 3
[07-May-2017 23:55:36 UTC] PHP Stack trace:
[07-May-2017 23:55:36 UTC] PHP   1. {main}() /home/ubuntu/workspace/api/index.php:0
[07-May-2017 23:55:59 UTC] PHP Warning:  require(../Slim/Slim.php): failed to open stream: No such file or directory in /home/ubuntu/workspace/api/index.php on line 3
[07-May-2017 23:55:59 UTC] PHP Stack trace:
[07-May-2017 23:55:59 UTC] PHP   1. {main}() /home/ubuntu/workspace/api/index.php:0
[07-May-2017 23:55:59 UTC] PHP Fatal error:  require(): Failed opening required '../Slim/Slim.php' (include_path='.:/usr/share/php:/usr/share/pear') in /home/ubuntu/workspace/api/index.php on line 3
[07-May-2017 23:55:59 UTC] PHP Stack trace:
[07-May-2017 23:55:59 UTC] PHP   1. {main}() /home/ubuntu/workspace/api/index.php:0
[08-May-2017 00:01:19 UTC] PHP Warning:  require(../Slim/Slim.php): failed to open stream: No such file or directory in /home/ubuntu/workspace/api/index.php on line 3
[08-May-2017 00:01:19 UTC] PHP Stack trace:
[08-May-2017 00:01:19 UTC] PHP   1. {main}() /home/ubuntu/workspace/api/index.php:0
[08-May-2017 00:01:19 UTC] PHP Fatal error:  require(): Failed opening required '../Slim/Slim.php' (include_path='.:/usr/share/php:/usr/share/pear') in /home/ubuntu/workspace/api/index.php on line 3
[08-May-2017 00:01:19 UTC] PHP Stack trace:
[08-May-2017 00:01:19 UTC] PHP   1. {main}() /home/ubuntu/workspace/api/index.php:0
[08-May-2017 01:17:38 UTC] PHP Fatal error:  Uncaught exception 'InvalidArgumentException' with message 'Route callable must be callable' in /home/ubuntu/workspace/Slim/Slim/Route.php:178
Stack trace:
#0 /home/ubuntu/workspace/Slim/Slim/Route.php(107): Slim\Route->setCallable('getDuelos()')
#1 /home/ubuntu/workspace/Slim/Slim/Slim.php(441): Slim\Route->__construct('/duelos', 'getDuelos()', true)
#2 /home/ubuntu/workspace/Slim/Slim/Slim.php(471): Slim\Slim->mapRoute(Array)
#3 /home/ubuntu/workspace/api/index.php(12): Slim\Slim->get('/duelos', 'getDuelos()')
#4 {main}
  thrown in /home/ubuntu/workspace/Slim/Slim/Route.php on line 178
[08-May-2017 20:13:34 UTC] PHP Warning:  copy(./fotos/uni/avatar.jpeg): failed to open stream: No such file or directory in /home/ubuntu/workspace/usuario/pasta.php on line 15
[08-May-2017 20:13:34 UTC] PHP Stack trace:
[08-May-2017 20:13:34 UTC] PHP   1. {main}() /home/ubuntu/workspace/usuario/pasta.php:0
[08-May-2017 20:13:34 UTC] PHP   2. copy() /home/ubuntu/workspace/usuario/pasta.php:15
[17-May-2017 02:18:47 UTC] PHP Warning:  mysql_query() expects parameter 2 to be resource, null given in /home/ubuntu/workspace/historico/historico2.php on line 8
[17-May-2017 02:18:47 UTC] PHP Stack trace:
[17-May-2017 02:18:47 UTC] PHP   1. {main}() /home/ubuntu/workspace/historico/historico2.php:0
[17-May-2017 02:18:47 UTC] PHP   2. mysql_query() /home/ubuntu/workspace/historico/historico2.php:8
[17-May-2017 02:18:47 UTC] PHP Fatal error:  SQL in /home/ubuntu/workspace/historico/historico2.php on line 8
[17-May-2017 02:18:47 UTC] PHP Stack trace:
[17-May-2017 02:18:47 UTC] PHP   1. {main}() /home/ubuntu/workspace/historico/historico2.php:0
[17-May-2017 02:18:47 UTC] PHP   2. trigger_error() /home/ubuntu/workspace/historico/historico2.php:8
[23-May-2017 20:58:25 UTC] PHP Parse error:  syntax error, unexpected '$login' (T_VARIABLE), expecting ',' or ';' in /home/ubuntu/workspace/votos/atualizar_votos.php on line 9
[23-May-2017 20:58:49 UTC] PHP Parse error:  syntax error, unexpected '$login' (T_VARIABLE), expecting ',' or ';' in /home/ubuntu/workspace/votos/atualizar_votos.php on line 9
[23-May-2017 21:05:06 UTC] PHP Warning:  mysql_fetch_object(): supplied argument is not a valid MySQL result resource in /home/ubuntu/workspace/votos/atualizar_votos.php on line 35
[23-May-2017 21:05:06 UTC] PHP Stack trace:
[23-May-2017 21:05:06 UTC] PHP   1. {main}() /home/ubuntu/workspace/votos/atualizar_votos.php:0
[23-May-2017 21:05:06 UTC] PHP   2. mysql_fetch_object() /home/ubuntu/workspace/votos/atualizar_votos.php:35
[23-May-2017 21:05:06 UTC] PHP Warning:  mysql_fetch_object(): supplied argument is not a valid MySQL result resource in /home/ubuntu/workspace/votos/atualizar_votos.php on line 48
[23-May-2017 21:05:06 UTC] PHP Stack trace:
[23-May-2017 21:05:06 UTC] PHP   1. {main}() /home/ubuntu/workspace/votos/atualizar_votos.php:0
[23-May-2017 21:05:06 UTC] PHP   2. mysql_fetch_object() /home/ubuntu/workspace/votos/atualizar_votos.php:48
[23-May-2017 21:05:23 UTC] PHP Warning:  mysql_fetch_object(): supplied argument is not a valid MySQL result resource in /home/ubuntu/workspace/votos/atualizar_votos.php on line 35
[23-May-2017 21:05:23 UTC] PHP Stack trace:
[23-May-2017 21:05:23 UTC] PHP   1. {main}() /home/ubuntu/workspace/votos/atualizar_votos.php:0
[23-May-2017 21:05:23 UTC] PHP   2. mysql_fetch_object() /home/ubuntu/workspace/votos/atualizar_votos.php:35
[23-May-2017 21:05:23 UTC] PHP Warning:  mysql_fetch_object(): supplied argument is not a valid MySQL result resource in /home/ubuntu/workspace/votos/atualizar_votos.php on line 48
[23-May-2017 21:05:23 UTC] PHP Stack trace:
[23-May-2017 21:05:23 UTC] PHP   1. {main}() /home/ubuntu/workspace/votos/atualizar_votos.php:0
[23-May-2017 21:05:23 UTC] PHP   2. mysql_fetch_object() /home/ubuntu/workspace/votos/atualizar_votos.php:48
[23-May-2017 21:06:32 UTC] PHP Warning:  mysql_fetch_object(): supplied argument is not a valid MySQL result resource in /home/ubuntu/workspace/votos/atualizar_votos.php on line 48
[23-May-2017 21:06:32 UTC] PHP Stack trace:
[23-May-2017 21:06:32 UTC] PHP   1. {main}() /home/ubuntu/workspace/votos/atualizar_votos.php:0
[23-May-2017 21:06:32 UTC] PHP   2. mysql_fetch_object() /home/ubuntu/workspace/votos/atualizar_votos.php:48
[23-May-2017 21:07:01 UTC] PHP Warning:  mysql_fetch_object(): supplied argument is not a valid MySQL result resource in /home/ubuntu/workspace/votos/atualizar_votos.php on line 49
[23-May-2017 21:07:01 UTC] PHP Stack trace:
[23-May-2017 21:07:01 UTC] PHP   1. {main}() /home/ubuntu/workspace/votos/atualizar_votos.php:0
[23-May-2017 21:07:01 UTC] PHP   2. mysql_fetch_object() /home/ubuntu/workspace/votos/atualizar_votos.php:49
[23-May-2017 21:07:08 UTC] PHP Warning:  mysql_fetch_object(): supplied argument is not a valid MySQL result resource in /home/ubuntu/workspace/votos/atualizar_votos.php on line 49
[23-May-2017 21:07:08 UTC] PHP Stack trace:
[23-May-2017 21:07:08 UTC] PHP   1. {main}() /home/ubuntu/workspace/votos/atualizar_votos.php:0
[23-May-2017 21:07:08 UTC] PHP   2. mysql_fetch_object() /home/ubuntu/workspace/votos/atualizar_votos.php:49
[23-May-2017 21:07:30 UTC] PHP Warning:  mysql_fetch_object(): supplied argument is not a valid MySQL result resource in /home/ubuntu/workspace/votos/atualizar_votos.php on line 48
[23-May-2017 21:07:30 UTC] PHP Stack trace:
[23-May-2017 21:07:30 UTC] PHP   1. {main}() /home/ubuntu/workspace/votos/atualizar_votos.php:0
[23-May-2017 21:07:30 UTC] PHP   2. mysql_fetch_object() /home/ubuntu/workspace/votos/atualizar_votos.php:48
[23-May-2017 21:08:33 UTC] PHP Warning:  mysql_fetch_object(): supplied argument is not a valid MySQL result resource in /home/ubuntu/workspace/votos/atualizar_votos.php on line 48
[23-May-2017 21:08:33 UTC] PHP Stack trace:
[23-May-2017 21:08:33 UTC] PHP   1. {main}() /home/ubuntu/workspace/votos/atualizar_votos.php:0
[23-May-2017 21:08:33 UTC] PHP   2. mysql_fetch_object() /home/ubuntu/workspace/votos/atualizar_votos.php:48
[23-May-2017 22:48:45 UTC] PHP Parse error:  syntax error, unexpected '}' in /home/ubuntu/workspace/votos/atualizar_votos.php on line 9
[24-May-2017 02:14:56 UTC] PHP Parse error:  syntax error, unexpected '}' in /home/ubuntu/workspace/api/apiVideos.php on line 6
[24-May-2017 02:15:02 UTC] PHP Parse error:  syntax error, unexpected '}' in /home/ubuntu/workspace/api/apiVideos.php on line 6
[24-May-2017 02:15:03 UTC] PHP Parse error:  syntax error, unexpected '}' in /home/ubuntu/workspace/api/apiVideos.php on line 6
[24-May-2017 02:15:04 UTC] PHP Parse error:  syntax error, unexpected '}' in /home/ubuntu/workspace/api/apiVideos.php on line 6
[24-May-2017 02:15:04 UTC] PHP Parse error:  syntax error, unexpected '}' in /home/ubuntu/workspace/api/apiVideos.php on line 6
[24-May-2017 02:15:05 UTC] PHP Parse error:  syntax error, unexpected '}' in /home/ubuntu/workspace/api/apiVideos.php on line 6
[24-May-2017 02:15:05 UTC] PHP Parse error:  syntax error, unexpected '}' in /home/ubuntu/workspace/api/apiVideos.php on line 6
[24-May-2017 02:15:06 UTC] PHP Parse error:  syntax error, unexpected '}' in /home/ubuntu/workspace/api/apiVideos.php on line 6
[24-May-2017 02:15:06 UTC] PHP Parse error:  syntax error, unexpected '}' in /home/ubuntu/workspace/api/apiVideos.php on line 6
[24-May-2017 02:15:06 UTC] PHP Parse error:  syntax error, unexpected '}' in /home/ubuntu/workspace/api/apiVideos.php on line 6
[24-May-2017 02:15:06 UTC] PHP Parse error:  syntax error, unexpected '}' in /home/ubuntu/workspace/api/apiVideos.php on line 6
[24-May-2017 02:15:07 UTC] PHP Parse error:  syntax error, unexpected '}' in /home/ubuntu/workspace/api/apiVideos.php on line 6
[24-May-2017 02:15:09 UTC] PHP Parse error:  syntax error, unexpected '}' in /home/ubuntu/workspace/api/apiVideos.php on line 6
[24-May-2017 02:15:11 UTC] PHP Parse error:  syntax error, unexpected '}' in /home/ubuntu/workspace/api/apiVideos.php on line 6
[24-May-2017 02:15:13 UTC] PHP Parse error:  syntax error, unexpected '}' in /home/ubuntu/workspace/api/apiVideos.php on line 6
[24-May-2017 02:15:13 UTC] PHP Parse error:  syntax error, unexpected '}' in /home/ubuntu/workspace/api/apiVideos.php on line 6
[24-May-2017 02:15:15 UTC] PHP Parse error:  syntax error, unexpected '}' in /home/ubuntu/workspace/api/apiVideos.php on line 6
[24-May-2017 02:15:20 UTC] PHP Parse error:  syntax error, unexpected '}' in /home/ubuntu/workspace/api/apiVideos.php on line 6
[24-May-2017 02:15:21 UTC] PHP Parse error:  syntax error, unexpected '}' in /home/ubuntu/workspace/api/apiVideos.php on line 6
[24-May-2017 02:15:21 UTC] PHP Parse error:  syntax error, unexpected '}' in /home/ubuntu/workspace/api/apiVideos.php on line 6
[24-May-2017 02:15:22 UTC] PHP Parse error:  syntax error, unexpected '}' in /home/ubuntu/workspace/api/apiVideos.php on line 6
[24-May-2017 02:17:00 UTC] PHP Parse error:  syntax error, unexpected '}' in /home/ubuntu/workspace/api/apiVideos.php on line 6
[24-May-2017 02:17:12 UTC] PHP Parse error:  syntax error, unexpected '}' in /home/ubuntu/workspace/api/apiVideos.php on line 6
[24-May-2017 02:17:15 UTC] PHP Parse error:  syntax error, unexpected '}' in /home/ubuntu/workspace/api/apiVideos.php on line 6
[24-May-2017 02:17:27 UTC] PHP Parse error:  syntax error, unexpected '}' in /home/ubuntu/workspace/api/apiVideos.php on line 6
[24-May-2017 02:18:04 UTC] PHP Catchable fatal error:  Object of class stdClass could not be converted to string in /home/ubuntu/workspace/api/apiVideos.php on line 5
[24-May-2017 02:18:04 UTC] PHP Stack trace:
[24-May-2017 02:18:04 UTC] PHP   1. {main}() /home/ubuntu/workspace/api/apiVideos.php:0
[24-May-2017 02:18:35 UTC] PHP Catchable fatal error:  Object of class stdClass could not be converted to string in /home/ubuntu/workspace/api/apiVideos.php on line 5
[24-May-2017 02:18:35 UTC] PHP Stack trace:
[24-May-2017 02:18:35 UTC] PHP   1. {main}() /home/ubuntu/workspace/api/apiVideos.php:0
[25-May-2017 18:44:49 UTC] PHP Warning:  copy(./fotos/uni/avatar.jpeg): failed to open stream: No such file or directory in /home/ubuntu/workspace/usuario/pasta.php on line 15
[25-May-2017 18:44:49 UTC] PHP Stack trace:
[25-May-2017 18:44:49 UTC] PHP   1. {main}() /home/ubuntu/workspace/usuario/pasta.php:0
[25-May-2017 18:44:49 UTC] PHP   2. copy() /home/ubuntu/workspace/usuario/pasta.php:15
